2019-06-05 09:15:19.269  INFO 22037 --- [main] com.jincou.iplimiter.Application         : Starting Application on xubdeMacBook-Pro.local with PID 22037 (/Users/xub/Downloads/iplimter/target/classes started by xub in /Users/xub/Downloads/iplimter)
2019-06-05 09:15:19.273  INFO 22037 --- [main] com.jincou.iplimiter.Application         : No active profile set, falling back to default profiles: default
2019-06-05 09:15:19.963  INFO 22037 --- [main] .s.d.r.c.RepositoryConfigurationDelegate : Multiple Spring Data modules found, entering strict repository configuration mode!
2019-06-05 09:15:19.964  INFO 22037 --- [main] .s.d.r.c.RepositoryConfigurationDelegate : Bootstrapping Spring Data repositories in DEFAULT mode.
2019-06-05 09:15:19.995  INFO 22037 --- [main] .s.d.r.c.RepositoryConfigurationDelegate : Finished Spring Data repository scanning in 16ms. Found 0 repository interfaces.
2019-06-05 09:15:20.810  INFO 22037 --- [main] o.s.b.w.embedded.tomcat.TomcatWebServer  : Tomcat initialized with port(s): 8888 (http)
2019-06-05 09:15:20.839  INFO 22037 --- [main] o.apache.catalina.core.StandardService   : Starting service [Tomcat]
2019-06-05 09:15:20.839  INFO 22037 --- [main] org.apache.catalina.core.StandardEngine  : Starting Servlet engine: [Apache Tomcat/9.0.16]
2019-06-05 09:15:20.847  INFO 22037 --- [main] o.a.catalina.core.AprLifecycleListener   : The APR based Apache Tomcat Native library which allows optimal performance in production environments was not found on the java.library.path: [/Users/xub/Library/Java/Extensions:/Library/Java/Extensions:/Network/Library/Java/Extensions:/System/Library/Java/Extensions:/usr/lib/java:.]
2019-06-05 09:15:20.946  INFO 22037 --- [main] o.a.c.c.C.[Tomcat].[localhost].[/]       : Initializing Spring embedded WebApplicationContext
2019-06-05 09:15:20.947  INFO 22037 --- [main] o.s.web.context.ContextLoader            : Root WebApplicationContext: initialization completed in 1589 ms
2019-06-05 09:15:21.406  INFO 22037 --- [main] c.j.i.redisconfig.RedisCacheConfig       : Springboot RedisTemplate 加载完成
2019-06-05 09:15:21.421  INFO 22037 --- [main] c.j.iplimiter.handler.IpLimterHandler    : RateLimterHandler[分布式限流处理器]脚本加载完成
2019-06-05 09:15:21.635  INFO 22037 --- [main] o.s.s.concurrent.ThreadPoolTaskExecutor  : Initializing ExecutorService 'applicationTaskExecutor'
2019-06-05 09:15:21.956  INFO 22037 --- [main] o.s.b.w.embedded.tomcat.TomcatWebServer  : Tomcat started on port(s): 8888 (http) with context path ''
2019-06-05 09:15:21.960  INFO 22037 --- [main] com.jincou.iplimiter.Application         : Started Application in 18.161 seconds (JVM running for 23.911)
2019-06-05 09:15:35.345  INFO 22037 --- [http-nio-8888-exec-1] o.a.c.c.C.[Tomcat].[localhost].[/]       : Initializing Spring DispatcherServlet 'dispatcherServlet'
2019-06-05 09:15:35.347  INFO 22037 --- [http-nio-8888-exec-1] o.s.web.servlet.DispatcherServlet        : Initializing Servlet 'dispatcherServlet'
2019-06-05 09:15:35.358  INFO 22037 --- [http-nio-8888-exec-1] o.s.web.servlet.DispatcherServlet        : Completed initialization in 11 ms
2019-06-05 09:15:42.679  INFO 22037 --- [http-nio-8888-exec-2] io.lettuce.core.EpollProvider            : Starting without optional epoll library
2019-06-05 09:15:42.680  INFO 22037 --- [http-nio-8888-exec-2] io.lettuce.core.KqueueProvider           : Starting without optional kqueue library
2019-06-05 09:49:47.275  INFO 22037 --- [Thread-39] o.s.s.concurrent.ThreadPoolTaskExecutor  : Shutting down ExecutorService 'applicationTaskExecutor'
2019-06-05 09:50:21.334  INFO 22198 --- [main] com.jincou.iplimiter.Application         : Starting Application on xubdeMacBook-Pro.local with PID 22198 (/Users/xub/Downloads/iplimter/target/classes started by xub in /Users/xub/Downloads/iplimter)
2019-06-05 09:50:21.338  INFO 22198 --- [main] com.jincou.iplimiter.Application         : No active profile set, falling back to default profiles: default
2019-06-05 09:50:21.867  INFO 22198 --- [main] .s.d.r.c.RepositoryConfigurationDelegate : Multiple Spring Data modules found, entering strict repository configuration mode!
2019-06-05 09:50:21.869  INFO 22198 --- [main] .s.d.r.c.RepositoryConfigurationDelegate : Bootstrapping Spring Data repositories in DEFAULT mode.
2019-06-05 09:50:21.891  INFO 22198 --- [main] .s.d.r.c.RepositoryConfigurationDelegate : Finished Spring Data repository scanning in 11ms. Found 0 repository interfaces.
2019-06-05 09:50:22.514  INFO 22198 --- [main] o.s.b.w.embedded.tomcat.TomcatWebServer  : Tomcat initialized with port(s): 8888 (http)
2019-06-05 09:50:22.535  INFO 22198 --- [main] o.apache.catalina.core.StandardService   : Starting service [Tomcat]
2019-06-05 09:50:22.535  INFO 22198 --- [main] org.apache.catalina.core.StandardEngine  : Starting Servlet engine: [Apache Tomcat/9.0.16]
2019-06-05 09:50:22.540  INFO 22198 --- [main] o.a.catalina.core.AprLifecycleListener   : The APR based Apache Tomcat Native library which allows optimal performance in production environments was not found on the java.library.path: [/Users/xub/Library/Java/Extensions:/Library/Java/Extensions:/Network/Library/Java/Extensions:/System/Library/Java/Extensions:/usr/lib/java:.]
2019-06-05 09:50:22.618  INFO 22198 --- [main] o.a.c.c.C.[Tomcat].[localhost].[/]       : Initializing Spring embedded WebApplicationContext
2019-06-05 09:50:22.618  INFO 22198 --- [main] o.s.web.context.ContextLoader            : Root WebApplicationContext: initialization completed in 1199 ms
2019-06-05 09:50:22.956  INFO 22198 --- [main] c.j.i.redisconfig.RedisCacheConfig       : Springboot RedisTemplate 加载完成
2019-06-05 09:50:22.970  INFO 22198 --- [main] c.j.iplimiter.handler.IpLimterHandler    : RateLimterHandler[分布式限流处理器]脚本加载完成
2019-06-05 09:50:23.177  INFO 22198 --- [main] o.s.s.concurrent.ThreadPoolTaskExecutor  : Initializing ExecutorService 'applicationTaskExecutor'
2019-06-05 09:50:23.489  INFO 22198 --- [main] o.s.b.w.embedded.tomcat.TomcatWebServer  : Tomcat started on port(s): 8888 (http) with context path ''
2019-06-05 09:50:23.493  INFO 22198 --- [main] com.jincou.iplimiter.Application         : Started Application in 17.501 seconds (JVM running for 23.59)
2019-06-05 09:55:10.934  INFO 22198 --- [http-nio-8888-exec-1] o.a.c.c.C.[Tomcat].[localhost].[/]       : Initializing Spring DispatcherServlet 'dispatcherServlet'
2019-06-05 09:55:10.938  INFO 22198 --- [http-nio-8888-exec-1] o.s.web.servlet.DispatcherServlet        : Initializing Servlet 'dispatcherServlet'
2019-06-05 09:55:10.977  INFO 22198 --- [http-nio-8888-exec-1] o.s.web.servlet.DispatcherServlet        : Completed initialization in 39 ms
2019-06-05 09:55:11.505  INFO 22198 --- [http-nio-8888-exec-1] io.lettuce.core.EpollProvider            : Starting without optional epoll library
2019-06-05 09:55:11.511  INFO 22198 --- [http-nio-8888-exec-1] io.lettuce.core.KqueueProvider           : Starting without optional kqueue library
2019-06-05 09:56:26.771  INFO 22198 --- [Thread-37] o.s.s.concurrent.ThreadPoolTaskExecutor  : Shutting down ExecutorService 'applicationTaskExecutor'
2019-06-05 09:57:02.474  INFO 22283 --- [main] com.jincou.iplimiter.Application         : Starting Application on xubdeMacBook-Pro.local with PID 22283 (/Users/xub/Downloads/iplimter/target/classes started by xub in /Users/xub/Downloads/iplimter)
2019-06-05 09:57:02.479  INFO 22283 --- [main] com.jincou.iplimiter.Application         : No active profile set, falling back to default profiles: default
2019-06-05 09:57:03.885  INFO 22283 --- [main] .s.d.r.c.RepositoryConfigurationDelegate : Multiple Spring Data modules found, entering strict repository configuration mode!
2019-06-05 09:57:03.888  INFO 22283 --- [main] .s.d.r.c.RepositoryConfigurationDelegate : Bootstrapping Spring Data repositories in DEFAULT mode.
2019-06-05 09:57:03.916  INFO 22283 --- [main] .s.d.r.c.RepositoryConfigurationDelegate : Finished Spring Data repository scanning in 14ms. Found 0 repository interfaces.
2019-06-05 09:57:04.641  INFO 22283 --- [main] o.s.b.w.embedded.tomcat.TomcatWebServer  : Tomcat initialized with port(s): 8888 (http)
2019-06-05 09:57:04.662  INFO 22283 --- [main] o.apache.catalina.core.StandardService   : Starting service [Tomcat]
2019-06-05 09:57:04.662  INFO 22283 --- [main] org.apache.catalina.core.StandardEngine  : Starting Servlet engine: [Apache Tomcat/9.0.16]
2019-06-05 09:57:04.670  INFO 22283 --- [main] o.a.catalina.core.AprLifecycleListener   : The APR based Apache Tomcat Native library which allows optimal performance in production environments was not found on the java.library.path: [/Users/xub/Library/Java/Extensions:/Library/Java/Extensions:/Network/Library/Java/Extensions:/System/Library/Java/Extensions:/usr/lib/java:.]
2019-06-05 09:57:04.796  INFO 22283 --- [main] o.a.c.c.C.[Tomcat].[localhost].[/]       : Initializing Spring embedded WebApplicationContext
2019-06-05 09:57:04.797  INFO 22283 --- [main] o.s.web.context.ContextLoader            : Root WebApplicationContext: initialization completed in 2129 ms
2019-06-05 09:57:05.342  INFO 22283 --- [main] c.j.i.redisconfig.RedisCacheConfig       : Springboot RedisTemplate 加载完成
2019-06-05 09:57:05.362  INFO 22283 --- [main] c.j.iplimiter.handler.IpLimterHandler    : RateLimterHandler[分布式限流处理器]脚本加载完成
2019-06-05 09:57:05.792  INFO 22283 --- [main] o.s.s.concurrent.ThreadPoolTaskExecutor  : Initializing ExecutorService 'applicationTaskExecutor'
2019-06-05 09:57:06.139  INFO 22283 --- [main] o.s.b.w.embedded.tomcat.TomcatWebServer  : Tomcat started on port(s): 8888 (http) with context path ''
2019-06-05 09:57:06.145  INFO 22283 --- [main] com.jincou.iplimiter.Application         : Started Application in 19.052 seconds (JVM running for 24.75)
2019-06-05 09:58:23.240  INFO 22283 --- [http-nio-8888-exec-1] o.a.c.c.C.[Tomcat].[localhost].[/]       : Initializing Spring DispatcherServlet 'dispatcherServlet'
2019-06-05 09:58:23.252  INFO 22283 --- [http-nio-8888-exec-1] o.s.web.servlet.DispatcherServlet        : Initializing Servlet 'dispatcherServlet'
2019-06-05 09:58:23.363  INFO 22283 --- [http-nio-8888-exec-1] o.s.web.servlet.DispatcherServlet        : Completed initialization in 110 ms
2019-06-05 09:58:24.017  INFO 22283 --- [http-nio-8888-exec-1] io.lettuce.core.EpollProvider            : Starting without optional epoll library
2019-06-05 09:58:24.019  INFO 22283 --- [http-nio-8888-exec-1] io.lettuce.core.KqueueProvider           : Starting without optional kqueue library
2019-06-05 10:24:13.782  INFO 22283 --- [Thread-41] o.s.s.concurrent.ThreadPoolTaskExecutor  : Shutting down ExecutorService 'applicationTaskExecutor'
